<?xml version="1.0" encoding="UTF-8"?>
<!-- Generated by org.testng.reporters.JUnitXMLReporter -->
<testsuite ignored="0" hostname="LAPTOP-6NMBMUNE" failures="1" tests="1" name="FirefoxTest" time="18.184" errors="0" timestamp="2025-10-25T17:00:08 IST">
  <testcase classname="testCases.AccountRegistrationTest" name="verifyAccountRegistration" time="6.445">
    <failure type="java.lang.AssertionError" message="expected [Your Accou Has Been Created!] but found [Your Account Has Been Created!]">
      <![CDATA[java.lang.AssertionError: expected [Your Accou Has Been Created!] but found [Your Account Has Been Created!]
at testCases.AccountRegistrationTest.verifyAccountRegistration(AccountRegistrationTest.java:42)
at java.base/java.util.ArrayList.forEach(ArrayList.java:1596)
... Removed 31 stack frames]]>
    </failure>
  </testcase> <!-- verifyAccountRegistration -->
</testsuite> <!-- FirefoxTest -->
