<?xml version="1.0" encoding="UTF-8"?>
<!-- Generated by org.testng.reporters.JUnitXMLReporter -->
<testsuite ignored="0" hostname="LAPTOP-6NMBMUNE" failures="0" tests="3" name="Test(failed)" time="51.074" errors="0" timestamp="2025-10-26T23:50:18 IST">
  <testcase classname="testCases.TC003_LoginDDT" name="verifyLoginDDT" time="12.151"/>
  <testcase classname="testCases.TC003_LoginDDT" name="verifyLoginDDT" time="12.35"/>
  <testcase classname="testCases.TC003_LoginDDT" name="verifyLoginDDT" time="13.132"/>
</testsuite> <!-- Test(failed) -->
