<?xml version="1.0" encoding="UTF-8"?>
<!-- Generated by org.testng.reporters.JUnitReportReporter -->
<testsuite hostname="LAPTOP-6NMBMUNE" failures="0" tests="3" name="testCases.TC003_LoginDDT" time="37.633" errors="0" timestamp="2025-10-26T23:50:18 IST" skipped="0">
  <testcase classname="testCases.TC003_LoginDDT" name="verifyLoginDDT" time="12.350"/>
  <testcase classname="testCases.TC003_LoginDDT" name="verifyLoginDDT" time="13.132"/>
  <testcase classname="testCases.TC003_LoginDDT" name="verifyLoginDDT" time="12.151"/>
</testsuite> <!-- testCases.TC003_LoginDDT -->
